::1 - - [10/Jun/2021:07:15:59 +0000] "OPTIONS /graphql HTTP/1.1" 200 0 "http://localhost:3000/" "Mozilla/5.0 (X11; Linux x86_64) AppleWebKit/537.36 (KHTML, like Gecko) Chrome/91.0.4472.77 Safari/537.36"
::1 - - [10/Jun/2021:07:16:00 +0000] "POST /graphql HTTP/1.1" 200 299 "http://localhost:3000/" "Mozilla/5.0 (X11; Linux x86_64) AppleWebKit/537.36 (KHTML, like Gecko) Chrome/91.0.4472.77 Safari/537.36"
::1 - - [10/Jun/2021:12:55:46 +0000] "OPTIONS /graphql HTTP/1.1" 200 0 "http://localhost:3000/" "Mozilla/5.0 (X11; Linux x86_64) AppleWebKit/537.36 (KHTML, like Gecko) Chrome/91.0.4472.77 Safari/537.36"
::1 - - [10/Jun/2021:12:55:47 +0000] "POST /graphql HTTP/1.1" 200 299 "http://localhost:3000/" "Mozilla/5.0 (X11; Linux x86_64) AppleWebKit/537.36 (KHTML, like Gecko) Chrome/91.0.4472.77 Safari/537.36"
::1 - - [10/Jun/2021:13:49:28 +0000] "OPTIONS /graphql HTTP/1.1" 200 0 "http://localhost:3000/" "Mozilla/5.0 (X11; Linux x86_64) AppleWebKit/537.36 (KHTML, like Gecko) Chrome/91.0.4472.77 Safari/537.36"
::1 - - [10/Jun/2021:13:49:28 +0000] "POST /graphql HTTP/1.1" 200 299 "http://localhost:3000/" "Mozilla/5.0 (X11; Linux x86_64) AppleWebKit/537.36 (KHTML, like Gecko) Chrome/91.0.4472.77 Safari/537.36"
::1 - - [11/Jun/2021:13:39:53 +0000] "OPTIONS /graphql HTTP/1.1" 200 0 "http://localhost:3000/" "Mozilla/5.0 (X11; Linux x86_64) AppleWebKit/537.36 (KHTML, like Gecko) Chrome/91.0.4472.77 Safari/537.36"
::1 - - [11/Jun/2021:13:39:53 +0000] "POST /graphql HTTP/1.1" 200 299 "http://localhost:3000/" "Mozilla/5.0 (X11; Linux x86_64) AppleWebKit/537.36 (KHTML, like Gecko) Chrome/91.0.4472.77 Safari/537.36"
::1 - - [11/Jun/2021:14:02:58 +0000] "OPTIONS /graphql HTTP/1.1" 200 0 "http://localhost:3000/" "Mozilla/5.0 (X11; Linux x86_64) AppleWebKit/537.36 (KHTML, like Gecko) Chrome/91.0.4472.77 Safari/537.36"
::1 - - [11/Jun/2021:14:02:59 +0000] "POST /graphql HTTP/1.1" 200 299 "http://localhost:3000/" "Mozilla/5.0 (X11; Linux x86_64) AppleWebKit/537.36 (KHTML, like Gecko) Chrome/91.0.4472.77 Safari/537.36"
::1 - - [11/Jun/2021:14:16:33 +0000] "OPTIONS /graphql HTTP/1.1" 200 0 "http://localhost:3000/" "Mozilla/5.0 (X11; Linux x86_64) AppleWebKit/537.36 (KHTML, like Gecko) Chrome/91.0.4472.77 Safari/537.36"
::1 - - [11/Jun/2021:14:16:33 +0000] "POST /graphql HTTP/1.1" 200 299 "http://localhost:3000/" "Mozilla/5.0 (X11; Linux x86_64) AppleWebKit/537.36 (KHTML, like Gecko) Chrome/91.0.4472.77 Safari/537.36"
::1 - - [11/Jun/2021:14:16:38 +0000] "OPTIONS /post-images HTTP/1.1" 200 0 "http://localhost:3000/" "Mozilla/5.0 (X11; Linux x86_64) AppleWebKit/537.36 (KHTML, like Gecko) Chrome/91.0.4472.77 Safari/537.36"
::1 - - [11/Jun/2021:14:16:38 +0000] "PUT /post-images HTTP/1.1" 200 33 "http://localhost:3000/" "Mozilla/5.0 (X11; Linux x86_64) AppleWebKit/537.36 (KHTML, like Gecko) Chrome/91.0.4472.77 Safari/537.36"
::1 - - [11/Jun/2021:14:18:02 +0000] "OPTIONS /graphql HTTP/1.1" 200 0 "http://localhost:3000/" "Mozilla/5.0 (X11; Linux x86_64) AppleWebKit/537.36 (KHTML, like Gecko) Chrome/91.0.4472.77 Safari/537.36"
::1 - - [11/Jun/2021:14:18:03 +0000] "POST /graphql HTTP/1.1" 200 299 "http://localhost:3000/" "Mozilla/5.0 (X11; Linux x86_64) AppleWebKit/537.36 (KHTML, like Gecko) Chrome/91.0.4472.77 Safari/537.36"
::1 - - [11/Jun/2021:14:18:08 +0000] "OPTIONS /post-images HTTP/1.1" 200 0 "http://localhost:3000/" "Mozilla/5.0 (X11; Linux x86_64) AppleWebKit/537.36 (KHTML, like Gecko) Chrome/91.0.4472.77 Safari/537.36"
::1 - - [11/Jun/2021:14:18:08 +0000] "PUT /post-images HTTP/1.1" 200 33 "http://localhost:3000/" "Mozilla/5.0 (X11; Linux x86_64) AppleWebKit/537.36 (KHTML, like Gecko) Chrome/91.0.4472.77 Safari/537.36"
::1 - - [11/Jun/2021:14:19:04 +0000] "OPTIONS /post-images HTTP/1.1" 200 0 "http://localhost:3000/" "Mozilla/5.0 (X11; Linux x86_64) AppleWebKit/537.36 (KHTML, like Gecko) Chrome/91.0.4472.77 Safari/537.36"
::1 - - [11/Jun/2021:14:19:04 +0000] "PUT /post-images HTTP/1.1" 200 33 "http://localhost:3000/" "Mozilla/5.0 (X11; Linux x86_64) AppleWebKit/537.36 (KHTML, like Gecko) Chrome/91.0.4472.77 Safari/537.36"
::1 - - [11/Jun/2021:14:19:36 +0000] "OPTIONS /post-images HTTP/1.1" 200 0 "http://localhost:3000/" "Mozilla/5.0 (X11; Linux x86_64) AppleWebKit/537.36 (KHTML, like Gecko) Chrome/91.0.4472.77 Safari/537.36"
::1 - - [11/Jun/2021:14:19:36 +0000] "PUT /post-images HTTP/1.1" 200 33 "http://localhost:3000/" "Mozilla/5.0 (X11; Linux x86_64) AppleWebKit/537.36 (KHTML, like Gecko) Chrome/91.0.4472.77 Safari/537.36"
::1 - - [11/Jun/2021:14:20:37 +0000] "OPTIONS /post-images HTTP/1.1" 200 0 "http://localhost:3000/" "Mozilla/5.0 (X11; Linux x86_64) AppleWebKit/537.36 (KHTML, like Gecko) Chrome/91.0.4472.77 Safari/537.36"
::1 - - [11/Jun/2021:14:20:37 +0000] "PUT /post-images HTTP/1.1" 200 33 "http://localhost:3000/" "Mozilla/5.0 (X11; Linux x86_64) AppleWebKit/537.36 (KHTML, like Gecko) Chrome/91.0.4472.77 Safari/537.36"
::1 - - [11/Jun/2021:14:22:02 +0000] "OPTIONS /post-images HTTP/1.1" 200 0 "http://localhost:3000/" "Mozilla/5.0 (X11; Linux x86_64) AppleWebKit/537.36 (KHTML, like Gecko) Chrome/91.0.4472.77 Safari/537.36"
::1 - - [11/Jun/2021:14:22:02 +0000] "PUT /post-images HTTP/1.1" 500 56 "http://localhost:3000/" "Mozilla/5.0 (X11; Linux x86_64) AppleWebKit/537.36 (KHTML, like Gecko) Chrome/91.0.4472.77 Safari/537.36"
::1 - - [11/Jun/2021:14:23:06 +0000] "OPTIONS /post-images HTTP/1.1" 200 0 "http://localhost:3000/" "Mozilla/5.0 (X11; Linux x86_64) AppleWebKit/537.36 (KHTML, like Gecko) Chrome/91.0.4472.77 Safari/537.36"
::1 - - [11/Jun/2021:14:23:06 +0000] "PUT /post-images HTTP/1.1" 500 56 "http://localhost:3000/" "Mozilla/5.0 (X11; Linux x86_64) AppleWebKit/537.36 (KHTML, like Gecko) Chrome/91.0.4472.77 Safari/537.36"
::1 - - [11/Jun/2021:14:24:17 +0000] "OPTIONS /post-images HTTP/1.1" 200 0 "http://localhost:3000/" "Mozilla/5.0 (X11; Linux x86_64) AppleWebKit/537.36 (KHTML, like Gecko) Chrome/91.0.4472.77 Safari/537.36"
::1 - - [11/Jun/2021:14:24:17 +0000] "PUT /post-images HTTP/1.1" 500 45 "http://localhost:3000/" "Mozilla/5.0 (X11; Linux x86_64) AppleWebKit/537.36 (KHTML, like Gecko) Chrome/91.0.4472.77 Safari/537.36"
::1 - - [11/Jun/2021:14:25:21 +0000] "OPTIONS /post-images HTTP/1.1" 200 0 "http://localhost:3000/" "Mozilla/5.0 (X11; Linux x86_64) AppleWebKit/537.36 (KHTML, like Gecko) Chrome/91.0.4472.77 Safari/537.36"
::1 - - [11/Jun/2021:14:25:21 +0000] "PUT /post-images HTTP/1.1" 500 34 "http://localhost:3000/" "Mozilla/5.0 (X11; Linux x86_64) AppleWebKit/537.36 (KHTML, like Gecko) Chrome/91.0.4472.77 Safari/537.36"
::1 - - [11/Jun/2021:14:25:44 +0000] "OPTIONS /post-images HTTP/1.1" 200 0 "http://localhost:3000/" "Mozilla/5.0 (X11; Linux x86_64) AppleWebKit/537.36 (KHTML, like Gecko) Chrome/91.0.4472.77 Safari/537.36"
::1 - - [11/Jun/2021:14:25:44 +0000] "PUT /post-images HTTP/1.1" 500 57 "http://localhost:3000/" "Mozilla/5.0 (X11; Linux x86_64) AppleWebKit/537.36 (KHTML, like Gecko) Chrome/91.0.4472.77 Safari/537.36"
::1 - - [11/Jun/2021:14:26:20 +0000] "OPTIONS /post-images HTTP/1.1" 200 0 "http://localhost:3000/" "Mozilla/5.0 (X11; Linux x86_64) AppleWebKit/537.36 (KHTML, like Gecko) Chrome/91.0.4472.77 Safari/537.36"
::1 - - [11/Jun/2021:14:26:20 +0000] "PUT /post-images HTTP/1.1" 500 57 "http://localhost:3000/" "Mozilla/5.0 (X11; Linux x86_64) AppleWebKit/537.36 (KHTML, like Gecko) Chrome/91.0.4472.77 Safari/537.36"
::1 - - [11/Jun/2021:14:29:55 +0000] "OPTIONS /post-images HTTP/1.1" 200 0 "http://localhost:3000/" "Mozilla/5.0 (X11; Linux x86_64) AppleWebKit/537.36 (KHTML, like Gecko) Chrome/91.0.4472.77 Safari/537.36"
::1 - - [11/Jun/2021:14:29:55 +0000] "PUT /post-images HTTP/1.1" 500 54 "http://localhost:3000/" "Mozilla/5.0 (X11; Linux x86_64) AppleWebKit/537.36 (KHTML, like Gecko) Chrome/91.0.4472.77 Safari/537.36"
::1 - - [11/Jun/2021:14:30:35 +0000] "OPTIONS /post-images HTTP/1.1" 200 0 "http://localhost:3000/" "Mozilla/5.0 (X11; Linux x86_64) AppleWebKit/537.36 (KHTML, like Gecko) Chrome/91.0.4472.77 Safari/537.36"
::1 - - [11/Jun/2021:14:30:35 +0000] "PUT /post-images HTTP/1.1" 500 54 "http://localhost:3000/" "Mozilla/5.0 (X11; Linux x86_64) AppleWebKit/537.36 (KHTML, like Gecko) Chrome/91.0.4472.77 Safari/537.36"
::1 - - [11/Jun/2021:14:30:59 +0000] "OPTIONS /post-images HTTP/1.1" 200 0 "http://localhost:3000/" "Mozilla/5.0 (X11; Linux x86_64) AppleWebKit/537.36 (KHTML, like Gecko) Chrome/91.0.4472.77 Safari/537.36"
::1 - - [11/Jun/2021:14:30:59 +0000] "PUT /post-images HTTP/1.1" 500 54 "http://localhost:3000/" "Mozilla/5.0 (X11; Linux x86_64) AppleWebKit/537.36 (KHTML, like Gecko) Chrome/91.0.4472.77 Safari/537.36"
::1 - - [11/Jun/2021:14:32:09 +0000] "OPTIONS /post-images HTTP/1.1" 200 0 "http://localhost:3000/" "Mozilla/5.0 (X11; Linux x86_64) AppleWebKit/537.36 (KHTML, like Gecko) Chrome/91.0.4472.77 Safari/537.36"
::1 - - [11/Jun/2021:14:32:09 +0000] "PUT /post-images HTTP/1.1" 500 54 "http://localhost:3000/" "Mozilla/5.0 (X11; Linux x86_64) AppleWebKit/537.36 (KHTML, like Gecko) Chrome/91.0.4472.77 Safari/537.36"
::1 - - [11/Jun/2021:14:36:36 +0000] "OPTIONS /post-images HTTP/1.1" 200 0 "http://localhost:3000/" "Mozilla/5.0 (X11; Linux x86_64) AppleWebKit/537.36 (KHTML, like Gecko) Chrome/91.0.4472.77 Safari/537.36"
::1 - - [11/Jun/2021:14:36:36 +0000] "PUT /post-images HTTP/1.1" 500 54 "http://localhost:3000/" "Mozilla/5.0 (X11; Linux x86_64) AppleWebKit/537.36 (KHTML, like Gecko) Chrome/91.0.4472.77 Safari/537.36"
::1 - - [11/Jun/2021:14:48:49 +0000] "OPTIONS /graphql HTTP/1.1" 200 0 "http://localhost:3000/" "Mozilla/5.0 (X11; Linux x86_64) AppleWebKit/537.36 (KHTML, like Gecko) Chrome/91.0.4472.77 Safari/537.36"
::1 - - [11/Jun/2021:14:48:50 +0000] "POST /graphql HTTP/1.1" 200 299 "http://localhost:3000/" "Mozilla/5.0 (X11; Linux x86_64) AppleWebKit/537.36 (KHTML, like Gecko) Chrome/91.0.4472.77 Safari/537.36"
::1 - - [11/Jun/2021:14:49:17 +0000] "OPTIONS /graphql HTTP/1.1" 200 0 "http://localhost:3000/" "Mozilla/5.0 (X11; Linux x86_64) AppleWebKit/537.36 (KHTML, like Gecko) Chrome/91.0.4472.77 Safari/537.36"
::1 - - [11/Jun/2021:14:49:17 +0000] "POST /graphql HTTP/1.1" 200 299 "http://localhost:3000/" "Mozilla/5.0 (X11; Linux x86_64) AppleWebKit/537.36 (KHTML, like Gecko) Chrome/91.0.4472.77 Safari/537.36"
::1 - - [11/Jun/2021:14:58:36 +0000] "OPTIONS /graphql HTTP/1.1" 200 0 "http://localhost:3000/" "Mozilla/5.0 (X11; Linux x86_64) AppleWebKit/537.36 (KHTML, like Gecko) Chrome/91.0.4472.77 Safari/537.36"
::1 - - [11/Jun/2021:14:58:37 +0000] "POST /graphql HTTP/1.1" 200 299 "http://localhost:3000/" "Mozilla/5.0 (X11; Linux x86_64) AppleWebKit/537.36 (KHTML, like Gecko) Chrome/91.0.4472.77 Safari/537.36"
::1 - - [11/Jun/2021:14:59:17 +0000] "OPTIONS /graphql HTTP/1.1" 200 0 "http://localhost:3000/" "Mozilla/5.0 (X11; Linux x86_64) AppleWebKit/537.36 (KHTML, like Gecko) Chrome/91.0.4472.77 Safari/537.36"
::1 - - [11/Jun/2021:14:59:18 +0000] "POST /graphql HTTP/1.1" 200 299 "http://localhost:3000/" "Mozilla/5.0 (X11; Linux x86_64) AppleWebKit/537.36 (KHTML, like Gecko) Chrome/91.0.4472.77 Safari/537.36"
::1 - - [11/Jun/2021:15:25:22 +0000] "OPTIONS /post-images HTTP/1.1" 200 0 "http://localhost:3000/" "Mozilla/5.0 (X11; Linux x86_64) AppleWebKit/537.36 (KHTML, like Gecko) Chrome/91.0.4472.77 Safari/537.36"
::1 - - [11/Jun/2021:15:25:22 +0000] "PUT /post-images HTTP/1.1" 500 54 "http://localhost:3000/" "Mozilla/5.0 (X11; Linux x86_64) AppleWebKit/537.36 (KHTML, like Gecko) Chrome/91.0.4472.77 Safari/537.36"
::1 - - [11/Jun/2021:15:27:29 +0000] "OPTIONS /post-images HTTP/1.1" 200 0 "http://localhost:3000/" "Mozilla/5.0 (X11; Linux x86_64) AppleWebKit/537.36 (KHTML, like Gecko) Chrome/91.0.4472.77 Safari/537.36"
::1 - - [11/Jun/2021:15:27:29 +0000] "PUT /post-images HTTP/1.1" 500 54 "http://localhost:3000/" "Mozilla/5.0 (X11; Linux x86_64) AppleWebKit/537.36 (KHTML, like Gecko) Chrome/91.0.4472.77 Safari/537.36"
::1 - - [11/Jun/2021:15:29:14 +0000] "OPTIONS /post-images HTTP/1.1" 200 0 "http://localhost:3000/" "Mozilla/5.0 (X11; Linux x86_64) AppleWebKit/537.36 (KHTML, like Gecko) Chrome/91.0.4472.77 Safari/537.36"
::1 - - [11/Jun/2021:15:29:14 +0000] "PUT /post-images HTTP/1.1" 500 35 "http://localhost:3000/" "Mozilla/5.0 (X11; Linux x86_64) AppleWebKit/537.36 (KHTML, like Gecko) Chrome/91.0.4472.77 Safari/537.36"
::1 - - [11/Jun/2021:15:29:41 +0000] "OPTIONS /post-images HTTP/1.1" 200 0 "http://localhost:3000/" "Mozilla/5.0 (X11; Linux x86_64) AppleWebKit/537.36 (KHTML, like Gecko) Chrome/91.0.4472.77 Safari/537.36"
::1 - - [11/Jun/2021:15:29:41 +0000] "PUT /post-images HTTP/1.1" 500 46 "http://localhost:3000/" "Mozilla/5.0 (X11; Linux x86_64) AppleWebKit/537.36 (KHTML, like Gecko) Chrome/91.0.4472.77 Safari/537.36"
::1 - - [11/Jun/2021:15:30:20 +0000] "OPTIONS /post-images HTTP/1.1" 200 0 "http://localhost:3000/" "Mozilla/5.0 (X11; Linux x86_64) AppleWebKit/537.36 (KHTML, like Gecko) Chrome/91.0.4472.77 Safari/537.36"
::1 - - [11/Jun/2021:15:30:20 +0000] "PUT /post-images HTTP/1.1" 500 46 "http://localhost:3000/" "Mozilla/5.0 (X11; Linux x86_64) AppleWebKit/537.36 (KHTML, like Gecko) Chrome/91.0.4472.77 Safari/537.36"
::1 - - [11/Jun/2021:15:30:45 +0000] "OPTIONS /post-images HTTP/1.1" 200 0 "http://localhost:3000/" "Mozilla/5.0 (X11; Linux x86_64) AppleWebKit/537.36 (KHTML, like Gecko) Chrome/91.0.4472.77 Safari/537.36"
::1 - - [11/Jun/2021:15:30:45 +0000] "PUT /post-images HTTP/1.1" 500 46 "http://localhost:3000/" "Mozilla/5.0 (X11; Linux x86_64) AppleWebKit/537.36 (KHTML, like Gecko) Chrome/91.0.4472.77 Safari/537.36"
::1 - - [11/Jun/2021:15:31:41 +0000] "OPTIONS /post-images HTTP/1.1" 200 0 "http://localhost:3000/" "Mozilla/5.0 (X11; Linux x86_64) AppleWebKit/537.36 (KHTML, like Gecko) Chrome/91.0.4472.77 Safari/537.36"
::1 - - [11/Jun/2021:15:31:41 +0000] "PUT /post-images HTTP/1.1" 500 46 "http://localhost:3000/" "Mozilla/5.0 (X11; Linux x86_64) AppleWebKit/537.36 (KHTML, like Gecko) Chrome/91.0.4472.77 Safari/537.36"
::1 - - [11/Jun/2021:15:36:13 +0000] "OPTIONS /post-images HTTP/1.1" 200 0 "http://localhost:3000/" "Mozilla/5.0 (X11; Linux x86_64) AppleWebKit/537.36 (KHTML, like Gecko) Chrome/91.0.4472.77 Safari/537.36"
::1 - - [11/Jun/2021:15:36:13 +0000] "PUT /post-images HTTP/1.1" 500 47 "http://localhost:3000/" "Mozilla/5.0 (X11; Linux x86_64) AppleWebKit/537.36 (KHTML, like Gecko) Chrome/91.0.4472.77 Safari/537.36"
::1 - - [11/Jun/2021:15:49:08 +0000] "OPTIONS /post-images HTTP/1.1" 200 0 "http://localhost:3000/" "Mozilla/5.0 (X11; Linux x86_64) AppleWebKit/537.36 (KHTML, like Gecko) Chrome/91.0.4472.77 Safari/537.36"
::1 - - [11/Jun/2021:15:49:08 +0000] "PUT /post-images HTTP/1.1" 500 47 "http://localhost:3000/" "Mozilla/5.0 (X11; Linux x86_64) AppleWebKit/537.36 (KHTML, like Gecko) Chrome/91.0.4472.77 Safari/537.36"
::1 - - [11/Jun/2021:15:49:29 +0000] "OPTIONS /post-images HTTP/1.1" 200 0 "http://localhost:3000/" "Mozilla/5.0 (X11; Linux x86_64) AppleWebKit/537.36 (KHTML, like Gecko) Chrome/91.0.4472.77 Safari/537.36"
::1 - - [11/Jun/2021:15:49:29 +0000] "PUT /post-images HTTP/1.1" 500 110 "http://localhost:3000/" "Mozilla/5.0 (X11; Linux x86_64) AppleWebKit/537.36 (KHTML, like Gecko) Chrome/91.0.4472.77 Safari/537.36"
::1 - - [11/Jun/2021:15:50:58 +0000] "OPTIONS /post-images HTTP/1.1" 200 0 "http://localhost:3000/" "Mozilla/5.0 (X11; Linux x86_64) AppleWebKit/537.36 (KHTML, like Gecko) Chrome/91.0.4472.77 Safari/537.36"
::1 - - [11/Jun/2021:15:50:58 +0000] "PUT /post-images HTTP/1.1" 500 110 "http://localhost:3000/" "Mozilla/5.0 (X11; Linux x86_64) AppleWebKit/537.36 (KHTML, like Gecko) Chrome/91.0.4472.77 Safari/537.36"
::1 - - [11/Jun/2021:15:56:04 +0000] "OPTIONS /post-images HTTP/1.1" 200 0 "http://localhost:3000/" "Mozilla/5.0 (X11; Linux x86_64) AppleWebKit/537.36 (KHTML, like Gecko) Chrome/91.0.4472.77 Safari/537.36"
::1 - - [11/Jun/2021:15:56:04 +0000] "POST /post-images HTTP/1.1" 500 110 "http://localhost:3000/" "Mozilla/5.0 (X11; Linux x86_64) AppleWebKit/537.36 (KHTML, like Gecko) Chrome/91.0.4472.77 Safari/537.36"
::1 - - [11/Jun/2021:15:57:21 +0000] "OPTIONS /post-images HTTP/1.1" 200 0 "http://localhost:3000/" "Mozilla/5.0 (X11; Linux x86_64) AppleWebKit/537.36 (KHTML, like Gecko) Chrome/91.0.4472.77 Safari/537.36"
::1 - - [11/Jun/2021:15:57:21 +0000] "POST /post-images HTTP/1.1" 500 110 "http://localhost:3000/" "Mozilla/5.0 (X11; Linux x86_64) AppleWebKit/537.36 (KHTML, like Gecko) Chrome/91.0.4472.77 Safari/537.36"
::1 - - [11/Jun/2021:15:58:47 +0000] "OPTIONS /post-images HTTP/1.1" 200 0 "http://localhost:3000/" "Mozilla/5.0 (X11; Linux x86_64) AppleWebKit/537.36 (KHTML, like Gecko) Chrome/91.0.4472.77 Safari/537.36"
::1 - - [11/Jun/2021:15:58:47 +0000] "POST /post-images HTTP/1.1" 500 110 "http://localhost:3000/" "Mozilla/5.0 (X11; Linux x86_64) AppleWebKit/537.36 (KHTML, like Gecko) Chrome/91.0.4472.77 Safari/537.36"
::1 - - [11/Jun/2021:15:59:54 +0000] "OPTIONS /post-images HTTP/1.1" 200 0 "http://localhost:3000/" "Mozilla/5.0 (X11; Linux x86_64) AppleWebKit/537.36 (KHTML, like Gecko) Chrome/91.0.4472.77 Safari/537.36"
::1 - - [11/Jun/2021:15:59:54 +0000] "POST /post-images HTTP/1.1" 500 37 "http://localhost:3000/" "Mozilla/5.0 (X11; Linux x86_64) AppleWebKit/537.36 (KHTML, like Gecko) Chrome/91.0.4472.77 Safari/537.36"
::1 - - [11/Jun/2021:16:03:56 +0000] "OPTIONS /post-images HTTP/1.1" 200 0 "http://localhost:3000/" "Mozilla/5.0 (X11; Linux x86_64) AppleWebKit/537.36 (KHTML, like Gecko) Chrome/91.0.4472.77 Safari/537.36"
::1 - - [11/Jun/2021:16:04:43 +0000] "OPTIONS /post-images HTTP/1.1" 200 0 "http://localhost:3000/" "Mozilla/5.0 (X11; Linux x86_64) AppleWebKit/537.36 (KHTML, like Gecko) Chrome/91.0.4472.77 Safari/537.36"
::1 - - [12/Jun/2021:08:25:50 +0000] "OPTIONS /graphql HTTP/1.1" 200 0 "http://localhost:3000/" "Mozilla/5.0 (X11; Linux x86_64) AppleWebKit/537.36 (KHTML, like Gecko) Chrome/91.0.4472.77 Safari/537.36"
::1 - - [12/Jun/2021:08:25:50 +0000] "POST /graphql HTTP/1.1" 200 299 "http://localhost:3000/" "Mozilla/5.0 (X11; Linux x86_64) AppleWebKit/537.36 (KHTML, like Gecko) Chrome/91.0.4472.77 Safari/537.36"
::1 - - [12/Jun/2021:08:25:55 +0000] "OPTIONS /post-images HTTP/1.1" 200 0 "http://localhost:3000/" "Mozilla/5.0 (X11; Linux x86_64) AppleWebKit/537.36 (KHTML, like Gecko) Chrome/91.0.4472.77 Safari/537.36"
::1 - - [12/Jun/2021:08:26:51 +0000] "OPTIONS /post-images HTTP/1.1" 200 0 "http://localhost:3000/" "Mozilla/5.0 (X11; Linux x86_64) AppleWebKit/537.36 (KHTML, like Gecko) Chrome/91.0.4472.77 Safari/537.36"
::1 - - [12/Jun/2021:08:38:58 +0000] "POST /post-images HTTP/1.1" 200 33 "http://localhost:3000/" "Mozilla/5.0 (X11; Linux x86_64) AppleWebKit/537.36 (KHTML, like Gecko) Chrome/91.0.4472.77 Safari/537.36"
::1 - - [12/Jun/2021:08:39:41 +0000] "POST /post-images HTTP/1.1" 200 33 "http://localhost:3000/" "Mozilla/5.0 (X11; Linux x86_64) AppleWebKit/537.36 (KHTML, like Gecko) Chrome/91.0.4472.77 Safari/537.36"
::1 - - [12/Jun/2021:08:40:21 +0000] "POST /post-images HTTP/1.1" 200 33 "http://localhost:3000/" "Mozilla/5.0 (X11; Linux x86_64) AppleWebKit/537.36 (KHTML, like Gecko) Chrome/91.0.4472.77 Safari/537.36"
::1 - - [12/Jun/2021:08:41:15 +0000] "POST /post-images HTTP/1.1" 401 28 "http://localhost:3000/" "Mozilla/5.0 (X11; Linux x86_64) AppleWebKit/537.36 (KHTML, like Gecko) Chrome/91.0.4472.77 Safari/537.36"
::1 - - [12/Jun/2021:08:42:02 +0000] "POST /post-images HTTP/1.1" 401 28 "http://localhost:3000/" "Mozilla/5.0 (X11; Linux x86_64) AppleWebKit/537.36 (KHTML, like Gecko) Chrome/91.0.4472.77 Safari/537.36"
::1 - - [12/Jun/2021:08:42:22 +0000] "POST /post-images HTTP/1.1" 401 28 "http://localhost:3000/" "Mozilla/5.0 (X11; Linux x86_64) AppleWebKit/537.36 (KHTML, like Gecko) Chrome/91.0.4472.77 Safari/537.36"
::1 - - [12/Jun/2021:08:42:45 +0000] "OPTIONS /graphql HTTP/1.1" 200 0 "http://localhost:3000/" "Mozilla/5.0 (X11; Linux x86_64) AppleWebKit/537.36 (KHTML, like Gecko) Chrome/91.0.4472.77 Safari/537.36"
::1 - - [12/Jun/2021:08:42:46 +0000] "POST /graphql HTTP/1.1" 200 299 "http://localhost:3000/" "Mozilla/5.0 (X11; Linux x86_64) AppleWebKit/537.36 (KHTML, like Gecko) Chrome/91.0.4472.77 Safari/537.36"
::1 - - [12/Jun/2021:08:42:55 +0000] "POST /post-images HTTP/1.1" 401 28 "http://localhost:3000/" "Mozilla/5.0 (X11; Linux x86_64) AppleWebKit/537.36 (KHTML, like Gecko) Chrome/91.0.4472.77 Safari/537.36"
::1 - - [12/Jun/2021:08:43:52 +0000] "POST /post-images HTTP/1.1" 401 28 "http://localhost:3000/" "Mozilla/5.0 (X11; Linux x86_64) AppleWebKit/537.36 (KHTML, like Gecko) Chrome/91.0.4472.77 Safari/537.36"
::1 - - [12/Jun/2021:08:48:06 +0000] "OPTIONS /graphql HTTP/1.1" 200 0 "http://localhost:3000/" "Mozilla/5.0 (X11; Linux x86_64) AppleWebKit/537.36 (KHTML, like Gecko) Chrome/91.0.4472.77 Safari/537.36"
::1 - - [12/Jun/2021:08:48:06 +0000] "POST /graphql HTTP/1.1" 200 299 "http://localhost:3000/" "Mozilla/5.0 (X11; Linux x86_64) AppleWebKit/537.36 (KHTML, like Gecko) Chrome/91.0.4472.77 Safari/537.36"
::1 - - [12/Jun/2021:08:48:11 +0000] "POST /post-images HTTP/1.1" 401 28 "http://localhost:3000/" "Mozilla/5.0 (X11; Linux x86_64) AppleWebKit/537.36 (KHTML, like Gecko) Chrome/91.0.4472.77 Safari/537.36"
::1 - - [12/Jun/2021:09:06:56 +0000] "OPTIONS /graphql HTTP/1.1" 200 0 "http://localhost:3000/" "Mozilla/5.0 (X11; Linux x86_64) AppleWebKit/537.36 (KHTML, like Gecko) Chrome/91.0.4472.77 Safari/537.36"
::1 - - [12/Jun/2021:09:06:57 +0000] "POST /graphql HTTP/1.1" 200 299 "http://localhost:3000/" "Mozilla/5.0 (X11; Linux x86_64) AppleWebKit/537.36 (KHTML, like Gecko) Chrome/91.0.4472.77 Safari/537.36"
::1 - - [12/Jun/2021:09:07:01 +0000] "POST /post-images HTTP/1.1" 401 28 "http://localhost:3000/" "Mozilla/5.0 (X11; Linux x86_64) AppleWebKit/537.36 (KHTML, like Gecko) Chrome/91.0.4472.77 Safari/537.36"
::1 - - [12/Jun/2021:09:10:21 +0000] "OPTIONS /post-images HTTP/1.1" 200 0 "http://localhost:3000/" "Mozilla/5.0 (X11; Linux x86_64) AppleWebKit/537.36 (KHTML, like Gecko) Chrome/91.0.4472.77 Safari/537.36"
::1 - - [12/Jun/2021:09:10:21 +0000] "POST /post-images HTTP/1.1" 200 33 "http://localhost:3000/" "Mozilla/5.0 (X11; Linux x86_64) AppleWebKit/537.36 (KHTML, like Gecko) Chrome/91.0.4472.77 Safari/537.36"
::1 - - [12/Jun/2021:09:11:09 +0000] "OPTIONS /post-images HTTP/1.1" 200 0 "http://localhost:3000/" "Mozilla/5.0 (X11; Linux x86_64) AppleWebKit/537.36 (KHTML, like Gecko) Chrome/91.0.4472.77 Safari/537.36"
::1 - - [12/Jun/2021:09:11:09 +0000] "POST /post-images HTTP/1.1" 200 33 "http://localhost:3000/" "Mozilla/5.0 (X11; Linux x86_64) AppleWebKit/537.36 (KHTML, like Gecko) Chrome/91.0.4472.77 Safari/537.36"
::1 - - [12/Jun/2021:09:11:25 +0000] "OPTIONS /post-images HTTP/1.1" 200 0 "http://localhost:3000/" "Mozilla/5.0 (X11; Linux x86_64) AppleWebKit/537.36 (KHTML, like Gecko) Chrome/91.0.4472.77 Safari/537.36"
::1 - - [12/Jun/2021:09:15:50 +0000] "OPTIONS /post-images HTTP/1.1" 200 0 "http://localhost:3000/" "Mozilla/5.0 (X11; Linux x86_64) AppleWebKit/537.36 (KHTML, like Gecko) Chrome/91.0.4472.77 Safari/537.36"
::1 - - [12/Jun/2021:09:15:50 +0000] "POST /post-images HTTP/1.1" 200 33 "http://localhost:3000/" "Mozilla/5.0 (X11; Linux x86_64) AppleWebKit/537.36 (KHTML, like Gecko) Chrome/91.0.4472.77 Safari/537.36"
::1 - - [12/Jun/2021:09:16:10 +0000] "OPTIONS /post-images HTTP/1.1" 200 0 "http://localhost:3000/" "Mozilla/5.0 (X11; Linux x86_64) AppleWebKit/537.36 (KHTML, like Gecko) Chrome/91.0.4472.77 Safari/537.36"
::1 - - [12/Jun/2021:09:16:19 +0000] "OPTIONS /post-images HTTP/1.1" 200 0 "http://localhost:3000/" "Mozilla/5.0 (X11; Linux x86_64) AppleWebKit/537.36 (KHTML, like Gecko) Chrome/91.0.4472.77 Safari/537.36"
::1 - - [12/Jun/2021:09:16:19 +0000] "POST /post-images HTTP/1.1" 200 33 "http://localhost:3000/" "Mozilla/5.0 (X11; Linux x86_64) AppleWebKit/537.36 (KHTML, like Gecko) Chrome/91.0.4472.77 Safari/537.36"
::1 - - [12/Jun/2021:09:16:37 +0000] "OPTIONS /post-images HTTP/1.1" 200 0 "http://localhost:3000/" "Mozilla/5.0 (X11; Linux x86_64) AppleWebKit/537.36 (KHTML, like Gecko) Chrome/91.0.4472.77 Safari/537.36"
::1 - - [12/Jun/2021:09:16:37 +0000] "POST /post-images HTTP/1.1" 200 33 "http://localhost:3000/" "Mozilla/5.0 (X11; Linux x86_64) AppleWebKit/537.36 (KHTML, like Gecko) Chrome/91.0.4472.77 Safari/537.36"
::1 - - [12/Jun/2021:09:18:49 +0000] "OPTIONS /post-images HTTP/1.1" 200 0 "http://localhost:3000/" "Mozilla/5.0 (X11; Linux x86_64) AppleWebKit/537.36 (KHTML, like Gecko) Chrome/91.0.4472.77 Safari/537.36"
::1 - - [12/Jun/2021:09:18:49 +0000] "POST /post-images HTTP/1.1" 200 33 "http://localhost:3000/" "Mozilla/5.0 (X11; Linux x86_64) AppleWebKit/537.36 (KHTML, like Gecko) Chrome/91.0.4472.77 Safari/537.36"
::1 - - [12/Jun/2021:09:19:13 +0000] "OPTIONS /post-images HTTP/1.1" 200 0 "http://localhost:3000/" "Mozilla/5.0 (X11; Linux x86_64) AppleWebKit/537.36 (KHTML, like Gecko) Chrome/91.0.4472.77 Safari/537.36"
::1 - - [12/Jun/2021:09:19:13 +0000] "POST /post-images HTTP/1.1" 200 33 "http://localhost:3000/" "Mozilla/5.0 (X11; Linux x86_64) AppleWebKit/537.36 (KHTML, like Gecko) Chrome/91.0.4472.77 Safari/537.36"
::1 - - [12/Jun/2021:09:19:22 +0000] "OPTIONS /post-images HTTP/1.1" 200 0 "http://localhost:3000/" "Mozilla/5.0 (X11; Linux x86_64) AppleWebKit/537.36 (KHTML, like Gecko) Chrome/91.0.4472.77 Safari/537.36"
::1 - - [12/Jun/2021:09:21:34 +0000] "POST /post-images HTTP/1.1" 401 28 "http://localhost:3000/" "Mozilla/5.0 (X11; Linux x86_64) AppleWebKit/537.36 (KHTML, like Gecko) Chrome/91.0.4472.77 Safari/537.36"
::1 - - [12/Jun/2021:09:22:09 +0000] "OPTIONS /post-images HTTP/1.1" 200 0 "http://localhost:3000/" "Mozilla/5.0 (X11; Linux x86_64) AppleWebKit/537.36 (KHTML, like Gecko) Chrome/91.0.4472.77 Safari/537.36"
::1 - - [12/Jun/2021:09:22:09 +0000] "POST /post-images HTTP/1.1" 200 33 "http://localhost:3000/" "Mozilla/5.0 (X11; Linux x86_64) AppleWebKit/537.36 (KHTML, like Gecko) Chrome/91.0.4472.77 Safari/537.36"
::1 - - [12/Jun/2021:09:22:32 +0000] "OPTIONS /post-images HTTP/1.1" 200 0 "http://localhost:3000/" "Mozilla/5.0 (X11; Linux x86_64) AppleWebKit/537.36 (KHTML, like Gecko) Chrome/91.0.4472.77 Safari/537.36"
::1 - - [12/Jun/2021:09:22:47 +0000] "OPTIONS /post-images HTTP/1.1" 200 0 "http://localhost:3000/" "Mozilla/5.0 (X11; Linux x86_64) AppleWebKit/537.36 (KHTML, like Gecko) Chrome/91.0.4472.77 Safari/537.36"
::1 - - [12/Jun/2021:09:23:40 +0000] "OPTIONS /post-images HTTP/1.1" 200 0 "http://localhost:3000/" "Mozilla/5.0 (X11; Linux x86_64) AppleWebKit/537.36 (KHTML, like Gecko) Chrome/91.0.4472.77 Safari/537.36"
::1 - - [12/Jun/2021:09:23:40 +0000] "POST /post-images HTTP/1.1" 500 37 "http://localhost:3000/" "Mozilla/5.0 (X11; Linux x86_64) AppleWebKit/537.36 (KHTML, like Gecko) Chrome/91.0.4472.77 Safari/537.36"
::1 - - [12/Jun/2021:09:24:53 +0000] "OPTIONS /post-images HTTP/1.1" 200 0 "http://localhost:3000/" "Mozilla/5.0 (X11; Linux x86_64) AppleWebKit/537.36 (KHTML, like Gecko) Chrome/91.0.4472.77 Safari/537.36"
::1 - - [12/Jun/2021:09:25:08 +0000] "OPTIONS /post-images HTTP/1.1" 200 0 "http://localhost:3000/" "Mozilla/5.0 (X11; Linux x86_64) AppleWebKit/537.36 (KHTML, like Gecko) Chrome/91.0.4472.77 Safari/537.36"
::1 - - [12/Jun/2021:09:25:38 +0000] "OPTIONS /post-images HTTP/1.1" 200 0 "http://localhost:3000/" "Mozilla/5.0 (X11; Linux x86_64) AppleWebKit/537.36 (KHTML, like Gecko) Chrome/91.0.4472.77 Safari/537.36"
::1 - - [12/Jun/2021:09:26:05 +0000] "OPTIONS /post-images HTTP/1.1" 200 0 "http://localhost:3000/" "Mozilla/5.0 (X11; Linux x86_64) AppleWebKit/537.36 (KHTML, like Gecko) Chrome/91.0.4472.77 Safari/537.36"
::1 - - [12/Jun/2021:09:26:05 +0000] "POST /post-images HTTP/1.1" 200 33 "http://localhost:3000/" "Mozilla/5.0 (X11; Linux x86_64) AppleWebKit/537.36 (KHTML, like Gecko) Chrome/91.0.4472.77 Safari/537.36"
::1 - - [12/Jun/2021:09:26:34 +0000] "OPTIONS /post-images HTTP/1.1" 200 0 "http://localhost:3000/" "Mozilla/5.0 (X11; Linux x86_64) AppleWebKit/537.36 (KHTML, like Gecko) Chrome/91.0.4472.77 Safari/537.36"
::1 - - [12/Jun/2021:09:26:34 +0000] "POST /post-images HTTP/1.1" 200 33 "http://localhost:3000/" "Mozilla/5.0 (X11; Linux x86_64) AppleWebKit/537.36 (KHTML, like Gecko) Chrome/91.0.4472.77 Safari/537.36"
::1 - - [12/Jun/2021:09:27:32 +0000] "OPTIONS /post-images HTTP/1.1" 200 0 "http://localhost:3000/" "Mozilla/5.0 (X11; Linux x86_64) AppleWebKit/537.36 (KHTML, like Gecko) Chrome/91.0.4472.77 Safari/537.36"
::1 - - [12/Jun/2021:09:27:32 +0000] "POST /post-images HTTP/1.1" 200 33 "http://localhost:3000/" "Mozilla/5.0 (X11; Linux x86_64) AppleWebKit/537.36 (KHTML, like Gecko) Chrome/91.0.4472.77 Safari/537.36"
::1 - - [12/Jun/2021:09:47:04 +0000] "OPTIONS /post-images HTTP/1.1" 200 0 "http://localhost:3000/" "Mozilla/5.0 (X11; Linux x86_64) AppleWebKit/537.36 (KHTML, like Gecko) Chrome/91.0.4472.77 Safari/537.36"
::1 - - [12/Jun/2021:09:47:04 +0000] "POST /post-images HTTP/1.1" 500 30 "http://localhost:3000/" "Mozilla/5.0 (X11; Linux x86_64) AppleWebKit/537.36 (KHTML, like Gecko) Chrome/91.0.4472.77 Safari/537.36"
::1 - - [12/Jun/2021:09:47:45 +0000] "OPTIONS /post-images HTTP/1.1" 200 0 "http://localhost:3000/" "Mozilla/5.0 (X11; Linux x86_64) AppleWebKit/537.36 (KHTML, like Gecko) Chrome/91.0.4472.77 Safari/537.36"
::1 - - [12/Jun/2021:09:48:25 +0000] "OPTIONS /post-images HTTP/1.1" 200 0 "http://localhost:3000/" "Mozilla/5.0 (X11; Linux x86_64) AppleWebKit/537.36 (KHTML, like Gecko) Chrome/91.0.4472.77 Safari/537.36"
::1 - - [12/Jun/2021:09:50:26 +0000] "OPTIONS /post-images HTTP/1.1" 200 0 "http://localhost:3000/" "Mozilla/5.0 (X11; Linux x86_64) AppleWebKit/537.36 (KHTML, like Gecko) Chrome/91.0.4472.77 Safari/537.36"
::1 - - [12/Jun/2021:09:50:32 +0000] "POST /post-images HTTP/1.1" 200 824 "http://localhost:3000/" "Mozilla/5.0 (X11; Linux x86_64) AppleWebKit/537.36 (KHTML, like Gecko) Chrome/91.0.4472.77 Safari/537.36"
::1 - - [12/Jun/2021:09:52:13 +0000] "OPTIONS /post-images HTTP/1.1" 200 0 "http://localhost:3000/" "Mozilla/5.0 (X11; Linux x86_64) AppleWebKit/537.36 (KHTML, like Gecko) Chrome/91.0.4472.77 Safari/537.36"
::1 - - [12/Jun/2021:09:52:19 +0000] "POST /post-images HTTP/1.1" 200 824 "http://localhost:3000/" "Mozilla/5.0 (X11; Linux x86_64) AppleWebKit/537.36 (KHTML, like Gecko) Chrome/91.0.4472.77 Safari/537.36"
::1 - - [12/Jun/2021:09:57:53 +0000] "OPTIONS /post-images HTTP/1.1" 200 0 "http://localhost:3000/" "Mozilla/5.0 (X11; Linux x86_64) AppleWebKit/537.36 (KHTML, like Gecko) Chrome/91.0.4472.77 Safari/537.36"
::1 - - [12/Jun/2021:09:57:53 +0000] "POST /post-images HTTP/1.1" 500 33 "http://localhost:3000/" "Mozilla/5.0 (X11; Linux x86_64) AppleWebKit/537.36 (KHTML, like Gecko) Chrome/91.0.4472.77 Safari/537.36"
::1 - - [12/Jun/2021:09:58:28 +0000] "OPTIONS /post-images HTTP/1.1" 200 0 "http://localhost:3000/" "Mozilla/5.0 (X11; Linux x86_64) AppleWebKit/537.36 (KHTML, like Gecko) Chrome/91.0.4472.77 Safari/537.36"
::1 - - [12/Jun/2021:10:01:11 +0000] "OPTIONS /post-images HTTP/1.1" 200 0 "http://localhost:3000/" "Mozilla/5.0 (X11; Linux x86_64) AppleWebKit/537.36 (KHTML, like Gecko) Chrome/91.0.4472.77 Safari/537.36"
::1 - - [12/Jun/2021:10:01:38 +0000] "OPTIONS /post-images HTTP/1.1" 200 0 "http://localhost:3000/" "Mozilla/5.0 (X11; Linux x86_64) AppleWebKit/537.36 (KHTML, like Gecko) Chrome/91.0.4472.77 Safari/537.36"
::1 - - [12/Jun/2021:10:27:30 +0000] "OPTIONS /post-images HTTP/1.1" 200 0 "http://localhost:3000/" "Mozilla/5.0 (X11; Linux x86_64) AppleWebKit/537.36 (KHTML, like Gecko) Chrome/91.0.4472.77 Safari/537.36"
::1 - - [12/Jun/2021:10:28:29 +0000] "OPTIONS /post-images HTTP/1.1" 200 0 "http://localhost:3000/" "Mozilla/5.0 (X11; Linux x86_64) AppleWebKit/537.36 (KHTML, like Gecko) Chrome/91.0.4472.77 Safari/537.36"
::1 - - [12/Jun/2021:10:28:29 +0000] "POST /post-images HTTP/1.1" 500 41 "http://localhost:3000/" "Mozilla/5.0 (X11; Linux x86_64) AppleWebKit/537.36 (KHTML, like Gecko) Chrome/91.0.4472.77 Safari/537.36"
::1 - - [12/Jun/2021:10:29:51 +0000] "OPTIONS /post-images HTTP/1.1" 200 0 "http://localhost:3000/" "Mozilla/5.0 (X11; Linux x86_64) AppleWebKit/537.36 (KHTML, like Gecko) Chrome/91.0.4472.77 Safari/537.36"
::1 - - [12/Jun/2021:10:31:46 +0000] "OPTIONS /post-images HTTP/1.1" 200 0 "http://localhost:3000/" "Mozilla/5.0 (X11; Linux x86_64) AppleWebKit/537.36 (KHTML, like Gecko) Chrome/91.0.4472.77 Safari/537.36"
::1 - - [12/Jun/2021:10:31:46 +0000] "POST /post-images HTTP/1.1" 500 35 "http://localhost:3000/" "Mozilla/5.0 (X11; Linux x86_64) AppleWebKit/537.36 (KHTML, like Gecko) Chrome/91.0.4472.77 Safari/537.36"
::1 - - [12/Jun/2021:10:32:21 +0000] "OPTIONS /post-images HTTP/1.1" 200 0 "http://localhost:3000/" "Mozilla/5.0 (X11; Linux x86_64) AppleWebKit/537.36 (KHTML, like Gecko) Chrome/91.0.4472.77 Safari/537.36"
::1 - - [12/Jun/2021:10:32:21 +0000] "POST /post-images HTTP/1.1" 500 33 "http://localhost:3000/" "Mozilla/5.0 (X11; Linux x86_64) AppleWebKit/537.36 (KHTML, like Gecko) Chrome/91.0.4472.77 Safari/537.36"
::1 - - [12/Jun/2021:10:32:36 +0000] "OPTIONS /post-images HTTP/1.1" 200 0 "http://localhost:3000/" "Mozilla/5.0 (X11; Linux x86_64) AppleWebKit/537.36 (KHTML, like Gecko) Chrome/91.0.4472.77 Safari/537.36"
::1 - - [12/Jun/2021:10:32:42 +0000] "POST /post-images HTTP/1.1" 200 824 "http://localhost:3000/" "Mozilla/5.0 (X11; Linux x86_64) AppleWebKit/537.36 (KHTML, like Gecko) Chrome/91.0.4472.77 Safari/537.36"
::1 - - [12/Jun/2021:10:33:33 +0000] "OPTIONS /post-images HTTP/1.1" 200 0 "http://localhost:3000/" "Mozilla/5.0 (X11; Linux x86_64) AppleWebKit/537.36 (KHTML, like Gecko) Chrome/91.0.4472.77 Safari/537.36"
::1 - - [12/Jun/2021:10:33:40 +0000] "POST /post-images HTTP/1.1" 200 824 "http://localhost:3000/" "Mozilla/5.0 (X11; Linux x86_64) AppleWebKit/537.36 (KHTML, like Gecko) Chrome/91.0.4472.77 Safari/537.36"
::1 - - [12/Jun/2021:10:34:28 +0000] "OPTIONS /post-images HTTP/1.1" 200 0 "http://localhost:3000/" "Mozilla/5.0 (X11; Linux x86_64) AppleWebKit/537.36 (KHTML, like Gecko) Chrome/91.0.4472.77 Safari/537.36"
::1 - - [12/Jun/2021:10:35:24 +0000] "OPTIONS /post-images HTTP/1.1" 200 0 "http://localhost:3000/" "Mozilla/5.0 (X11; Linux x86_64) AppleWebKit/537.36 (KHTML, like Gecko) Chrome/91.0.4472.77 Safari/537.36"
::1 - - [12/Jun/2021:10:35:32 +0000] "POST /post-images HTTP/1.1" 200 653 "http://localhost:3000/" "Mozilla/5.0 (X11; Linux x86_64) AppleWebKit/537.36 (KHTML, like Gecko) Chrome/91.0.4472.77 Safari/537.36"
::1 - - [12/Jun/2021:10:38:00 +0000] "OPTIONS /post-images HTTP/1.1" 200 0 "http://localhost:3000/" "Mozilla/5.0 (X11; Linux x86_64) AppleWebKit/537.36 (KHTML, like Gecko) Chrome/91.0.4472.77 Safari/537.36"
::1 - - [12/Jun/2021:10:38:06 +0000] "POST /post-images HTTP/1.1" 200 824 "http://localhost:3000/" "Mozilla/5.0 (X11; Linux x86_64) AppleWebKit/537.36 (KHTML, like Gecko) Chrome/91.0.4472.77 Safari/537.36"
::1 - - [12/Jun/2021:10:47:17 +0000] "OPTIONS /post-images HTTP/1.1" 200 0 "http://localhost:3000/" "Mozilla/5.0 (X11; Linux x86_64) AppleWebKit/537.36 (KHTML, like Gecko) Chrome/91.0.4472.77 Safari/537.36"
::1 - - [12/Jun/2021:10:47:24 +0000] "POST /post-images HTTP/1.1" 200 824 "http://localhost:3000/" "Mozilla/5.0 (X11; Linux x86_64) AppleWebKit/537.36 (KHTML, like Gecko) Chrome/91.0.4472.77 Safari/537.36"
::1 - - [12/Jun/2021:10:47:52 +0000] "OPTIONS /post-images HTTP/1.1" 200 0 "http://localhost:3000/" "Mozilla/5.0 (X11; Linux x86_64) AppleWebKit/537.36 (KHTML, like Gecko) Chrome/91.0.4472.77 Safari/537.36"
::1 - - [12/Jun/2021:10:47:59 +0000] "POST /post-images HTTP/1.1" 200 824 "http://localhost:3000/" "Mozilla/5.0 (X11; Linux x86_64) AppleWebKit/537.36 (KHTML, like Gecko) Chrome/91.0.4472.77 Safari/537.36"
::1 - - [12/Jun/2021:10:51:25 +0000] "OPTIONS /post-images HTTP/1.1" 200 0 "http://localhost:3000/" "Mozilla/5.0 (X11; Linux x86_64) AppleWebKit/537.36 (KHTML, like Gecko) Chrome/91.0.4472.77 Safari/537.36"
::1 - - [12/Jun/2021:10:51:32 +0000] "POST /post-images HTTP/1.1" 200 653 "http://localhost:3000/" "Mozilla/5.0 (X11; Linux x86_64) AppleWebKit/537.36 (KHTML, like Gecko) Chrome/91.0.4472.77 Safari/537.36"
::1 - - [12/Jun/2021:10:57:07 +0000] "OPTIONS /post-images HTTP/1.1" 200 0 "http://localhost:3000/" "Mozilla/5.0 (X11; Linux x86_64) AppleWebKit/537.36 (KHTML, like Gecko) Chrome/91.0.4472.77 Safari/537.36"
::1 - - [12/Jun/2021:10:57:13 +0000] "POST /post-images HTTP/1.1" 200 824 "http://localhost:3000/" "Mozilla/5.0 (X11; Linux x86_64) AppleWebKit/537.36 (KHTML, like Gecko) Chrome/91.0.4472.77 Safari/537.36"
::1 - - [12/Jun/2021:10:57:23 +0000] "OPTIONS /post-images HTTP/1.1" 200 0 "http://localhost:3000/" "Mozilla/5.0 (X11; Linux x86_64) AppleWebKit/537.36 (KHTML, like Gecko) Chrome/91.0.4472.77 Safari/537.36"
::1 - - [12/Jun/2021:10:57:29 +0000] "POST /post-images HTTP/1.1" 200 824 "http://localhost:3000/" "Mozilla/5.0 (X11; Linux x86_64) AppleWebKit/537.36 (KHTML, like Gecko) Chrome/91.0.4472.77 Safari/537.36"
::1 - - [12/Jun/2021:11:00:25 +0000] "OPTIONS /post-images HTTP/1.1" 200 0 "http://localhost:3000/" "Mozilla/5.0 (X11; Linux x86_64) AppleWebKit/537.36 (KHTML, like Gecko) Chrome/91.0.4472.77 Safari/537.36"
::1 - - [12/Jun/2021:11:00:25 +0000] "POST /post-images HTTP/1.1" 200 318 "http://localhost:3000/" "Mozilla/5.0 (X11; Linux x86_64) AppleWebKit/537.36 (KHTML, like Gecko) Chrome/91.0.4472.77 Safari/537.36"
::1 - - [12/Jun/2021:11:01:00 +0000] "OPTIONS /post-images HTTP/1.1" 200 0 "http://localhost:3000/" "Mozilla/5.0 (X11; Linux x86_64) AppleWebKit/537.36 (KHTML, like Gecko) Chrome/91.0.4472.77 Safari/537.36"
::1 - - [12/Jun/2021:11:01:00 +0000] "POST /post-images HTTP/1.1" 200 317 "http://localhost:3000/" "Mozilla/5.0 (X11; Linux x86_64) AppleWebKit/537.36 (KHTML, like Gecko) Chrome/91.0.4472.77 Safari/537.36"
::1 - - [12/Jun/2021:11:05:07 +0000] "OPTIONS /post-images HTTP/1.1" 200 0 "http://localhost:3000/" "Mozilla/5.0 (X11; Linux x86_64) AppleWebKit/537.36 (KHTML, like Gecko) Chrome/91.0.4472.77 Safari/537.36"
::1 - - [12/Jun/2021:11:05:07 +0000] "POST /post-images HTTP/1.1" 200 318 "http://localhost:3000/" "Mozilla/5.0 (X11; Linux x86_64) AppleWebKit/537.36 (KHTML, like Gecko) Chrome/91.0.4472.77 Safari/537.36"
::1 - - [12/Jun/2021:11:05:50 +0000] "OPTIONS /post-images HTTP/1.1" 200 0 "http://localhost:3000/" "Mozilla/5.0 (X11; Linux x86_64) AppleWebKit/537.36 (KHTML, like Gecko) Chrome/91.0.4472.77 Safari/537.36"
::1 - - [12/Jun/2021:11:05:51 +0000] "POST /post-images HTTP/1.1" 200 319 "http://localhost:3000/" "Mozilla/5.0 (X11; Linux x86_64) AppleWebKit/537.36 (KHTML, like Gecko) Chrome/91.0.4472.77 Safari/537.36"
::1 - - [12/Jun/2021:11:21:17 +0000] "OPTIONS /post-images HTTP/1.1" 200 0 "http://localhost:3000/" "Mozilla/5.0 (X11; Linux x86_64) AppleWebKit/537.36 (KHTML, like Gecko) Chrome/91.0.4472.77 Safari/537.36"
::1 - - [12/Jun/2021:11:23:35 +0000] "OPTIONS /post-images HTTP/1.1" 200 0 "http://localhost:3000/" "Mozilla/5.0 (X11; Linux x86_64) AppleWebKit/537.36 (KHTML, like Gecko) Chrome/91.0.4472.77 Safari/537.36"
